[ Info: Downloading https://github.com/jalving/KaHyParBuilder/releases/download/v0.1.0//KaHyPar.v0.1.0.x86_64-linux-gnu-gcc7.tar.gz to /home/jordan/.julia/dev/KaHyPar/deps/usr/downloads/KaHyPar.v0.1.0.x86_64-linux-gnu-gcc7.tar.gz...
[17:36:38] --2019-07-23 17:36:38--  https://github.com/jalving/KaHyParBuilder/releases/download/v0.1.0//KaHyPar.v0.1.0.x86_64-linux-gnu-gcc7.tar.gz
[17:36:38] Resolving github.com (github.com)... 192.30.253.112
[17:36:38] Connecting to github.com (github.com)|192.30.253.112|:443... connected.
[17:36:38] HTTP request sent, awaiting response... 302 Found
[17:36:38] Location: https://github-production-release-asset-2e65be.s3.amazonaws.com/198145735/2fb06380-ad62-11e9-8f09-98bbdc829e76?X-Amz-Algorithm=AWS4-HMAC-SHA256&X-Amz-Credential=AKIAIWNJYAX4CSVEH53A%2F20190723%2Fus-east-1%2Fs3%2Faws4_request&X-Amz-Date=20190723T223638Z&X-Amz-Expires=300&X-Amz-Signature=ae963deef8379d3675b8eff7ba38fa5d70e8bd891ceae1cb881947a4f4b47fc2&X-Amz-SignedHeaders=host&actor_id=0&response-content-disposition=attachment%3B%20filename%3DKaHyPar.v0.1.0.x86_64-linux-gnu-gcc7.tar.gz&response-content-type=application%2Foctet-stream [following]
[17:36:38] --2019-07-23 17:36:38--  https://github-production-release-asset-2e65be.s3.amazonaws.com/198145735/2fb06380-ad62-11e9-8f09-98bbdc829e76?X-Amz-Algorithm=AWS4-HMAC-SHA256&X-Amz-Credential=AKIAIWNJYAX4CSVEH53A%2F20190723%2Fus-east-1%2Fs3%2Faws4_request&X-Amz-Date=20190723T223638Z&X-Amz-Expires=300&X-Amz-Signature=ae963deef8379d3675b8eff7ba38fa5d70e8bd891ceae1cb881947a4f4b47fc2&X-Amz-SignedHeaders=host&actor_id=0&response-content-disposition=attachment%3B%20filename%3DKaHyPar.v0.1.0.x86_64-linux-gnu-gcc7.tar.gz&response-content-type=application%2Foctet-stream
[17:36:38] Resolving github-production-release-asset-2e65be.s3.amazonaws.com (github-production-release-asset-2e65be.s3.amazonaws.com)... 52.216.138.27
[17:36:38] Connecting to github-production-release-asset-2e65be.s3.amazonaws.com (github-production-release-asset-2e65be.s3.amazonaws.com)|52.216.138.27|:443... connected.
[17:36:38] HTTP request sent, awaiting response... 200 OK
[17:36:38] Length: 42988370 (41M) [application/octet-stream]
[17:36:38] Saving to: ‘/home/jordan/.julia/dev/KaHyPar/deps/usr/downloads/KaHyPar.v0.1.0.x86_64-linux-gnu-gcc7.tar.gz’
[17:36:38] 
[17:36:38]      0K .......... .......... .......... .......... ..........  0% 1008K 42s
[17:36:38]     50K .......... .......... .......... .......... ..........  0% 1.01M 41s
[17:36:38]    100K .......... .......... .......... .......... ..........  0% 1.23M 38s
[17:36:38]    150K .......... .......... .......... .......... ..........  0% 5.91M 30s
[17:36:38]    200K .......... .......... .......... .......... ..........  0% 9.42M 25s
[17:36:38]    250K .......... .......... .......... .......... ..........  0% 1.75M 25s
[17:36:38]    300K .......... .......... .......... .......... ..........  0% 6.03M 22s
[17:36:38]    350K .......... .......... .......... .......... ..........  0% 10.3M 20s
[17:36:38]    400K .......... .......... .......... .......... ..........  1% 9.89M 18s
[17:36:38]    450K .......... .......... .......... .......... ..........  1% 8.55M 17s
[17:36:38]    500K .......... .......... .......... .......... ..........  1% 2.94M 17s
[17:36:38]    550K .......... .......... .......... .......... ..........  1% 7.13M 16s
[17:36:38]    600K .......... .......... .......... .......... ..........  1% 11.8M 15s
[17:36:38]    650K .......... .......... .......... .......... ..........  1% 10.8M 14s
[17:36:38]    700K .......... .......... .......... .......... ..........  1% 9.30M 13s
[17:36:38]    750K .......... .......... .......... .......... ..........  1% 8.89M 13s
[17:36:38]    800K .......... .......... .......... .......... ..........  2% 15.9M 12s
[17:36:38]    850K .......... .......... .......... .......... ..........  2% 9.97M 12s
[17:36:38]    900K .......... .......... .......... .......... ..........  2% 13.4M 11s
[17:36:38]    950K .......... .......... .......... .......... ..........  2% 9.90M 11s
[17:36:38]   1000K .......... .......... .......... .......... ..........  2% 9.15M 10s
[17:36:38]   1050K .......... .......... .......... .......... ..........  2% 14.2M 10s
[17:36:38]   1100K .......... .......... .......... .......... ..........  2% 18.0M 10s
[17:36:38]   1150K .......... .......... .......... .......... ..........  2% 9.25M 9s
[17:36:38]   1200K .......... .......... .......... .......... ..........  2% 12.8M 9s
[17:36:38]   1250K .......... .......... .......... .......... ..........  3% 9.20M 9s
[17:36:38]   1300K .......... .......... .......... .......... ..........  3% 11.6M 9s
[17:36:38]   1350K .......... .......... .......... .......... ..........  3% 9.44M 9s
[17:36:38]   1400K .......... .......... .......... .......... ..........  3% 13.1M 8s
[17:36:38]   1450K .......... .......... .......... .......... ..........  3% 8.04M 8s
[17:36:38]   1500K .......... .......... .......... .......... ..........  3% 11.4M 8s
[17:36:38]   1550K .......... .......... .......... .......... ..........  3% 13.6M 8s
[17:36:39]   1600K .......... .......... .......... .......... ..........  3%  670K 10s
[17:36:39]   1650K .......... .......... .......... .......... ..........  4% 17.6M 9s
[17:36:39]   1700K .......... .......... .......... .......... ..........  4% 14.6M 9s
[17:36:39]   1750K .......... .......... .......... .......... ..........  4% 21.3M 9s
[17:36:39]   1800K .......... .......... .......... .......... ..........  4% 25.3M 9s
[17:36:39]   1850K .......... .......... .......... .......... ..........  4% 33.7M 8s
[17:36:39]   1900K .......... .......... .......... .......... ..........  4% 22.4M 8s
[17:36:39]   1950K .......... .......... .......... .......... ..........  4% 11.7M 8s
[17:36:39]   2000K .......... .......... .......... .......... ..........  4% 17.2M 8s
[17:36:39]   2050K .......... .......... .......... .......... ..........  5% 34.3M 8s
[17:36:39]   2100K .......... .......... .......... .......... ..........  5% 45.2M 8s
[17:36:39]   2150K .......... .......... .......... .......... ..........  5% 37.5M 7s
[17:36:39]   2200K .......... .......... .......... .......... ..........  5% 39.1M 7s
[17:36:39]   2250K .......... .......... .......... .......... ..........  5% 10.9M 7s
[17:36:39]   2300K .......... .......... .......... .......... ..........  5% 8.16M 7s
[17:36:39]   2350K .......... .......... .......... .......... ..........  5% 19.8M 7s
[17:36:39]   2400K .......... .......... .......... .......... ..........  5% 32.7M 7s
[17:36:39]   2450K .......... .......... .......... .......... ..........  5% 34.1M 7s
[17:36:39]   2500K .......... .......... .......... .......... ..........  6% 36.1M 7s
[17:36:39]   2550K .......... .......... .......... .......... ..........  6% 13.1M 7s
[17:36:39]   2600K .......... .......... .......... .......... ..........  6% 33.7M 7s
[17:36:39]   2650K .......... .......... .......... .......... ..........  6% 43.3M 6s
[17:36:39]   2700K .......... .......... .......... .......... ..........  6% 42.0M 6s
[17:36:39]   2750K .......... .......... .......... .......... ..........  6% 36.0M 6s
[17:36:39]   2800K .......... .......... .......... .......... ..........  6% 38.0M 6s
[17:36:39]   2850K .......... .......... .......... .......... ..........  6% 41.4M 6s
[17:36:39]   2900K .......... .......... .......... .......... ..........  7% 42.3M 6s
[17:36:39]   2950K .......... .......... .......... .......... ..........  7% 35.4M 6s
[17:36:39]   3000K .......... .......... .......... .......... ..........  7% 43.9M 6s
[17:36:39]   3050K .......... .......... .......... .......... ..........  7% 51.0M 6s
[17:36:39]   3100K .......... .......... .......... .......... ..........  7% 20.7M 6s
[17:36:39]   3150K .......... .......... .......... .......... ..........  7% 10.6M 6s
[17:36:39]   3200K .......... .......... .......... .......... ..........  7% 15.4M 5s
[17:36:39]   3250K .......... .......... .......... .......... ..........  7% 9.23M 5s
[17:36:39]   3300K .......... .......... .......... .......... ..........  7% 13.8M 5s
[17:36:39]   3350K .......... .......... .......... .......... ..........  8% 9.57M 5s
[17:36:39]   3400K .......... .......... .......... .......... ..........  8% 13.9M 5s
[17:36:39]   3450K .......... .......... .......... .......... ..........  8% 9.58M 5s
[17:36:39]   3500K .......... .......... .......... .......... ..........  8% 9.67M 5s
[17:36:39]   3550K .......... .......... .......... .......... ..........  8% 18.3M 5s
[17:36:39]   3600K .......... .......... .......... .......... ..........  8% 8.79M 5s
[17:36:39]   3650K .......... .......... .......... .......... ..........  8% 14.0M 5s
[17:36:39]   3700K .......... .......... .......... .......... ..........  8% 9.06M 5s
[17:36:39]   3750K .......... .......... .......... .......... ..........  9% 8.70M 5s
[17:36:39]   3800K .......... .......... .......... .......... ..........  9%  673K 6s
[17:36:39]   3850K .......... .......... .......... .......... ..........  9% 9.51M 6s
[17:36:39]   3900K .......... .......... .......... .......... ..........  9% 39.5M 6s
[17:36:39]   3950K .......... .......... .......... .......... ..........  9% 42.6M 6s
[17:36:39]   4000K .......... .......... .......... .......... ..........  9% 45.0M 6s
[17:36:39]   4050K .......... .......... .......... .......... ..........  9% 44.7M 5s
[17:36:39]   4100K .......... .......... .......... .......... ..........  9% 9.85M 5s
[17:36:39]   4150K .......... .......... .......... .......... .......... 10% 46.5M 5s
[17:36:39]   4200K .......... .......... .......... .......... .......... 10% 38.4M 5s
[17:36:39]   4250K .......... .......... .......... .......... .......... 10% 37.6M 5s
[17:36:39]   4300K .......... .......... .......... .......... .......... 10% 39.5M 5s
[17:36:39]   4350K .......... .......... .......... .......... .......... 10% 36.7M 5s
[17:36:39]   4400K .......... .......... .......... .......... .......... 10% 37.6M 5s
[17:36:39]   4450K .......... .......... .......... .......... .......... 10% 47.0M 5s
[17:36:39]   4500K .......... .......... .......... .......... .......... 10% 44.1M 5s
[17:36:39]   4550K .......... .......... .......... .......... .......... 10% 39.2M 5s
[17:36:39]   4600K .......... .......... .......... .......... .......... 11% 40.8M 5s
[17:36:39]   4650K .......... .......... .......... .......... .......... 11% 43.1M 5s
[17:36:39]   4700K .......... .......... .......... .......... .......... 11% 48.3M 5s
[17:36:39]   4750K .......... .......... .......... .......... .......... 11% 41.6M 5s
[17:36:39]   4800K .......... .......... .......... .......... .......... 11% 46.0M 5s
[17:36:39]   4850K .......... .......... .......... .......... .......... 11% 39.9M 5s
[17:36:39]   4900K .......... .......... .......... .......... .......... 11% 45.4M 5s
[17:36:39]   4950K .......... .......... .......... .......... .......... 11% 39.5M 5s
[17:36:39]   5000K .......... .......... .......... .......... .......... 12% 15.1M 5s
[17:36:39]   5050K .......... .......... .......... .......... .......... 12% 18.7M 5s
[17:36:39]   5100K .......... .......... .......... .......... .......... 12% 11.1M 4s
[17:36:39]   5150K .......... .......... .......... .......... .......... 12% 11.5M 4s
[17:36:39]   5200K .......... .......... .......... .......... .......... 12% 11.8M 4s
[17:36:39]   5250K .......... .......... .......... .......... .......... 12% 14.2M 4s
[17:36:39]   5300K .......... .......... .......... .......... .......... 12% 13.6M 4s
[17:36:39]   5350K .......... .......... .......... .......... .......... 12% 16.1M 4s
[17:36:39]   5400K .......... .......... .......... .......... .......... 12% 10.0M 4s
[17:36:39]   5450K .......... .......... .......... .......... .......... 13% 8.44M 4s
[17:36:39]   5500K .......... .......... .......... .......... .......... 13% 4.89M 4s
[17:36:39]   5550K .......... .......... .......... .......... .......... 13% 19.4M 4s
[17:36:39]   5600K .......... .......... .......... .......... .......... 13% 13.4M 4s
[17:36:39]   5650K .......... .......... .......... .......... .......... 13% 11.5M 4s
[17:36:39]   5700K .......... .......... .......... .......... .......... 13% 16.3M 4s
[17:36:39]   5750K .......... .......... .......... .......... .......... 13% 9.28M 4s
[17:36:39]   5800K .......... .......... .......... .......... .......... 13% 14.2M 4s
[17:36:39]   5850K .......... .......... .......... .......... .......... 14% 15.2M 4s
[17:36:39]   5900K .......... .......... .......... .......... .......... 14% 10.5M 4s
[17:36:39]   5950K .......... .......... .......... .......... .......... 14% 9.01M 4s
[17:36:39]   6000K .......... .......... .......... .......... .......... 14% 14.3M 4s
[17:36:39]   6050K .......... .......... .......... .......... .......... 14% 8.56M 4s
[17:36:39]   6100K .......... .......... .......... .......... .......... 14% 11.5M 4s
[17:36:39]   6150K .......... .......... .......... .......... .......... 14% 9.64M 4s
[17:36:39]   6200K .......... .......... .......... .......... .......... 14% 7.52M 4s
[17:36:39]   6250K .......... .......... .......... .......... .......... 15% 7.78M 4s
[17:36:39]   6300K .......... .......... .......... .......... .......... 15% 9.75M 4s
[17:36:39]   6350K .......... .......... .......... .......... .......... 15% 14.0M 4s
[17:36:39]   6400K .......... .......... .......... .......... .......... 15% 8.79M 4s
[17:36:39]   6450K .......... .......... .......... .......... .......... 15% 15.3M 4s
[17:36:39]   6500K .......... .......... .......... .......... .......... 15% 9.01M 4s
[17:36:39]   6550K .......... .......... .......... .......... .......... 15% 9.29M 4s
[17:36:39]   6600K .......... .......... .......... .......... .......... 15% 15.9M 4s
[17:36:39]   6650K .......... .......... .......... .......... .......... 15% 10.2M 4s
[17:36:39]   6700K .......... .......... .......... .......... .......... 16% 13.8M 4s
[17:36:39]   6750K .......... .......... .......... .......... .......... 16% 8.49M 4s
[17:36:39]   6800K .......... .......... .......... .......... .......... 16% 15.4M 4s
[17:36:39]   6850K .......... .......... .......... .......... .......... 16% 15.5M 4s
[17:36:39]   6900K .......... .......... .......... .......... .......... 16% 8.01M 4s
[17:36:39]   6950K .......... .......... .......... .......... .......... 16% 11.2M 4s
[17:36:39]   7000K .......... .......... .......... .......... .......... 16% 9.92M 4s
[17:36:39]   7050K .......... .......... .......... .......... .......... 16% 11.3M 4s
[17:36:39]   7100K .......... .......... .......... .......... .......... 17% 15.8M 4s
[17:36:39]   7150K .......... .......... .......... .......... .......... 17% 9.12M 4s
[17:36:39]   7200K .......... .......... .......... .......... .......... 17% 12.7M 4s
[17:36:39]   7250K .......... .......... .......... .......... .......... 17% 12.0M 4s
[17:36:39]   7300K .......... .......... .......... .......... .......... 17% 9.50M 4s
[17:36:39]   7350K .......... .......... .......... .......... .......... 17% 8.48M 4s
[17:36:39]   7400K .......... .......... .......... .......... .......... 17% 13.1M 4s
[17:36:39]   7450K .......... .......... .......... .......... .......... 17% 15.3M 4s
[17:36:39]   7500K .......... .......... .......... .......... .......... 17% 9.01M 4s
[17:36:39]   7550K .......... .......... .......... .......... .......... 18% 12.0M 4s
[17:36:39]   7600K .......... .......... .......... .......... .......... 18% 17.1M 4s
[17:36:39]   7650K .......... .......... .......... .......... .......... 18% 9.32M 4s
[17:36:39]   7700K .......... .......... .......... .......... .......... 18% 11.9M 4s
[17:36:39]   7750K .......... .......... .......... .......... .......... 18% 7.20M 4s
[17:36:39]   7800K .......... .......... .......... .......... .......... 18% 14.1M 4s
[17:36:39]   7850K .......... .......... .......... .......... .......... 18% 15.5M 4s
[17:36:39]   7900K .......... .......... .......... .......... .......... 18% 9.32M 4s
[17:36:39]   7950K .......... .......... .......... .......... .......... 19% 18.0M 4s
[17:36:39]   8000K .......... .......... .......... .......... .......... 19% 8.65M 4s
[17:36:39]   8050K .......... .......... .......... .......... .......... 19% 15.8M 4s
[17:36:39]   8100K .......... .......... .......... .......... .......... 19% 9.49M 4s
[17:36:39]   8150K .......... .......... .......... .......... .......... 19% 13.2M 4s
[17:36:39]   8200K .......... .......... .......... .......... .......... 19% 9.59M 4s
[17:36:39]   8250K .......... .......... .......... .......... .......... 19% 10.8M 4s
[17:36:39]   8300K .......... .......... .......... .......... .......... 19% 16.5M 4s
[17:36:39]   8350K .......... .......... .......... .......... .......... 20% 9.29M 4s
[17:36:39]   8400K .......... .......... .......... .......... .......... 20% 8.62M 4s
[17:36:39]   8450K .......... .......... .......... .......... .......... 20% 9.19M 4s
[17:36:39]   8500K .......... .......... .......... .......... .......... 20% 12.5M 4s
[17:36:39]   8550K .......... .......... .......... .......... .......... 20% 10.2M 4s
[17:36:39]   8600K .......... .......... .......... .......... .......... 20% 13.1M 4s
[17:36:39]   8650K .......... .......... .......... .......... .......... 20% 13.6M 4s
[17:36:39]   8700K .......... .......... .......... .......... .......... 20% 15.6M 4s
[17:36:39]   8750K .......... .......... .......... .......... .......... 20% 7.41M 4s
[17:36:39]   8800K .......... .......... .......... .......... .......... 21% 11.9M 4s
[17:36:39]   8850K .......... .......... .......... .......... .......... 21% 12.5M 4s
[17:36:39]   8900K .......... .......... .......... .......... .......... 21% 15.8M 4s
[17:36:39]   8950K .......... .......... .......... .......... .......... 21% 8.51M 4s
[17:36:39]   9000K .......... .......... .......... .......... .......... 21% 7.13M 4s
[17:36:39]   9050K .......... .......... .......... .......... .......... 21% 22.9M 4s
[17:36:39]   9100K .......... .......... .......... .......... .......... 21% 13.0M 4s
[17:36:39]   9150K .......... .......... .......... .......... .......... 21% 11.1M 4s
[17:36:39]   9200K .......... .......... .......... .......... .......... 22% 12.9M 4s
[17:36:39]   9250K .......... .......... .......... .......... .......... 22% 9.64M 4s
[17:36:39]   9300K .......... .......... .......... .......... .......... 22% 11.0M 3s
[17:36:39]   9350K .......... .......... .......... .......... .......... 22% 10.5M 3s
[17:36:39]   9400K .......... .......... .......... .......... .......... 22% 12.1M 3s
[17:36:39]   9450K .......... .......... .......... .......... .......... 22% 14.2M 3s
[17:36:39]   9500K .......... .......... .......... .......... .......... 22% 9.66M 3s
[17:36:39]   9550K .......... .......... .......... .......... .......... 22% 13.0M 3s
[17:36:39]   9600K .......... .......... .......... .......... .......... 22% 11.9M 3s
[17:36:39]   9650K .......... .......... .......... .......... .......... 23% 9.53M 3s
[17:36:39]   9700K .......... .......... .......... .......... .......... 23% 9.03M 3s
[17:36:39]   9750K .......... .......... .......... .......... .......... 23% 11.4M 3s
[17:36:39]   9800K .......... .......... .......... .......... .......... 23% 7.15M 3s
[17:36:39]   9850K .......... .......... .......... .......... .......... 23% 17.0M 3s
[17:36:39]   9900K .......... .......... .......... .......... .......... 23% 10.6M 3s
[17:36:39]   9950K .......... .......... .......... .......... .......... 23% 9.16M 3s
[17:36:39]  10000K .......... .......... .......... .......... .......... 23% 15.0M 3s
[17:36:39]  10050K .......... .......... .......... .......... .......... 24% 10.3M 3s
[17:36:39]  10100K .......... .......... .......... .......... .......... 24% 14.5M 3s
[17:36:39]  10150K .......... .......... .......... .......... .......... 24% 8.27M 3s
[17:36:39]  10200K .......... .......... .......... .......... .......... 24% 9.94M 3s
[17:36:39]  10250K .......... .......... .......... .......... .......... 24% 15.7M 3s
[17:36:39]  10300K .......... .......... .......... .......... .......... 24% 9.53M 3s
[17:36:39]  10350K .......... .......... .......... .......... .......... 24% 12.5M 3s
[17:36:39]  10400K .......... .......... .......... .......... .......... 24% 9.83M 3s
[17:36:39]  10450K .......... .......... .......... .......... .......... 25% 13.4M 3s
[17:36:39]  10500K .......... .......... .......... .......... .......... 25% 9.23M 3s
[17:36:39]  10550K .......... .......... .......... .......... .......... 25% 15.0M 3s
[17:36:39]  10600K .......... .......... .......... .......... .......... 25% 7.38M 3s
[17:36:39]  10650K .......... .......... .......... .......... .......... 25% 14.4M 3s
[17:36:39]  10700K .......... .......... .......... .......... .......... 25% 8.71M 3s
[17:36:39]  10750K .......... .......... .......... .......... .......... 25% 13.3M 3s
[17:36:39]  10800K .......... .......... .......... .......... .......... 25% 10.7M 3s
[17:36:39]  10850K .......... .......... .......... .......... .......... 25% 11.7M 3s
[17:36:39]  10900K .......... .......... .......... .......... .......... 26% 12.5M 3s
[17:36:39]  10950K .......... .......... .......... .......... .......... 26% 10.4M 3s
[17:36:39]  11000K .......... .......... .......... .......... .......... 26% 16.2M 3s
[17:36:39]  11050K .......... .......... .......... .......... .......... 26% 14.4M 3s
[17:36:39]  11100K .......... .......... .......... .......... .......... 26% 9.19M 3s
[17:36:39]  11150K .......... .......... .......... .......... .......... 26% 12.8M 3s
[17:36:39]  11200K .......... .......... .......... .......... .......... 26% 9.74M 3s
[17:36:39]  11250K .......... .......... .......... .......... .......... 26% 7.26M 3s
[17:36:39]  11300K .......... .......... .......... .......... .......... 27% 13.5M 3s
[17:36:39]  11350K .......... .......... .......... .......... .......... 27% 10.8M 3s
[17:36:39]  11400K .......... .......... .......... .......... .......... 27% 10.9M 3s
[17:36:39]  11450K .......... .......... .......... .......... .......... 27% 11.1M 3s
[17:36:39]  11500K .......... .......... .......... .......... .......... 27% 10.8M 3s
[17:36:39]  11550K .......... .......... .......... .......... .......... 27% 11.5M 3s
[17:36:39]  11600K .......... .......... .......... .......... .......... 27% 13.6M 3s
[17:36:39]  11650K .......... .......... .......... .......... .......... 27% 13.6M 3s
[17:36:39]  11700K .......... .......... .......... .......... .......... 27% 14.6M 3s
[17:36:39]  11750K .......... .......... .......... .......... .......... 28% 7.69M 3s
[17:36:39]  11800K .......... .......... .......... .......... .......... 28% 13.3M 3s
[17:36:39]  11850K .......... .......... .......... .......... .......... 28% 14.9M 3s
[17:36:39]  11900K .......... .......... .......... .......... .......... 28% 7.51M 3s
[17:36:39]  11950K .......... .......... .......... .......... .......... 28% 5.99M 3s
[17:36:39]  12000K .......... .......... .......... .......... .......... 28% 23.3M 3s
[17:36:39]  12050K .......... .......... .......... .......... .......... 28% 8.77M 3s
[17:36:39]  12100K .......... .......... .......... .......... .......... 28% 12.4M 3s
[17:36:39]  12150K .......... .......... .......... .......... .......... 29% 12.4M 3s
[17:36:39]  12200K .......... .......... .......... .......... .......... 29% 13.9M 3s
[17:36:39]  12250K .......... .......... .......... .......... .......... 29% 9.77M 3s
[17:36:39]  12300K .......... .......... .......... .......... .......... 29% 20.1M 3s
[17:36:39]  12350K .......... .......... .......... .......... .......... 29% 10.6M 3s
[17:36:39]  12400K .......... .......... .......... .......... .......... 29% 6.72M 3s
[17:36:39]  12450K .......... .......... .......... .......... .......... 29% 11.3M 3s
[17:36:39]  12500K .......... .......... .......... .......... .......... 29% 20.4M 3s
[17:36:39]  12550K .......... .......... .......... .......... .......... 30% 20.2M 3s
[17:36:39]  12600K .......... .......... .......... .......... .......... 30% 6.87M 3s
[17:36:39]  12650K .......... .......... .......... .......... .......... 30% 23.5M 3s
[17:36:39]  12700K .......... .......... .......... .......... .......... 30% 13.3M 3s
[17:36:39]  12750K .......... .......... .......... .......... .......... 30% 11.7M 3s
[17:36:39]  12800K .......... .......... .......... .......... .......... 30% 12.5M 3s
[17:36:39]  12850K .......... .......... .......... .......... .......... 30% 12.0M 3s
[17:36:39]  12900K .......... .......... .......... .......... .......... 30% 9.02M 3s
[17:36:39]  12950K .......... .......... .......... .......... .......... 30% 9.72M 3s
[17:36:39]  13000K .......... .......... .......... .......... .......... 31% 13.5M 3s
[17:36:39]  13050K .......... .......... .......... .......... .......... 31% 13.1M 3s
[17:36:39]  13100K .......... .......... .......... .......... .......... 31% 13.7M 3s
[17:36:39]  13150K .......... .......... .......... .......... .......... 31% 8.34M 3s
[17:36:40]  13200K .......... .......... .......... .......... .......... 31% 12.6M 3s
[17:36:40]  13250K .......... .......... .......... .......... .......... 31% 11.6M 3s
[17:36:40]  13300K .......... .......... .......... .......... .......... 31% 14.1M 3s
[17:36:40]  13350K .......... .......... .......... .......... .......... 31% 9.41M 3s
[17:36:40]  13400K .......... .......... .......... .......... .......... 32% 13.8M 3s
[17:36:40]  13450K .......... .......... .......... .......... .......... 32% 9.92M 3s
[17:36:40]  13500K .......... .......... .......... .......... .......... 32% 12.8M 3s
[17:36:40]  13550K .......... .......... .......... .......... .......... 32% 9.08M 3s
[17:36:40]  13600K .......... .......... .......... .......... .......... 32% 9.36M 3s
[17:36:40]  13650K .......... .......... .......... .......... .......... 32% 8.82M 3s
[17:36:40]  13700K .......... .......... .......... .......... .......... 32% 10.9M 3s
[17:36:40]  13750K .......... .......... .......... .......... .......... 32% 12.1M 3s
[17:36:40]  13800K .......... .......... .......... .......... .......... 32% 13.4M 3s
[17:36:40]  13850K .......... .......... .......... .......... .......... 33% 14.2M 3s
[17:36:40]  13900K .......... .......... .......... .......... .......... 33% 8.27M 3s
[17:36:40]  13950K .......... .......... .......... .......... .......... 33% 15.3M 3s
[17:36:40]  14000K .......... .......... .......... .......... .......... 33% 10.1M 3s
[17:36:40]  14050K .......... .......... .......... .......... .......... 33% 11.1M 3s
[17:36:40]  14100K .......... .......... .......... .......... .......... 33% 13.9M 3s
[17:36:40]  14150K .......... .......... .......... .......... .......... 33% 9.59M 3s
[17:36:40]  14200K .......... .......... .......... .......... .......... 33% 10.3M 3s
[17:36:40]  14250K .......... .......... .......... .......... .......... 34% 15.4M 3s
[17:36:40]  14300K .......... .......... .......... .......... .......... 34% 9.14M 3s
[17:36:40]  14350K .......... .......... .......... .......... .......... 34% 18.8M 3s
[17:36:40]  14400K .......... .......... .......... .......... .......... 34% 11.8M 3s
[17:36:40]  14450K .......... .......... .......... .......... .......... 34% 10.5M 3s
[17:36:40]  14500K .......... .......... .......... .......... .......... 34% 13.0M 3s
[17:36:40]  14550K .......... .......... .......... .......... .......... 34% 7.51M 3s
[17:36:40]  14600K .......... .......... .......... .......... .......... 34% 20.5M 3s
[17:36:40]  14650K .......... .......... .......... .......... .......... 35% 8.46M 3s
[17:36:40]  14700K .......... .......... .......... .......... .......... 35% 10.6M 3s
[17:36:40]  14750K .......... .......... .......... .......... .......... 35% 14.6M 3s
[17:36:40]  14800K .......... .......... .......... .......... .......... 35% 9.13M 3s
[17:36:40]  14850K .......... .......... .......... .......... .......... 35% 15.7M 3s
[17:36:40]  14900K .......... .......... .......... .......... .......... 35% 13.2M 3s
[17:36:40]  14950K .......... .......... .......... .......... .......... 35% 9.31M 3s
[17:36:40]  15000K .......... .......... .......... .......... .......... 35% 10.2M 3s
[17:36:40]  15050K .......... .......... .......... .......... .......... 35% 14.8M 3s
[17:36:40]  15100K .......... .......... .......... .......... .......... 36% 10.5M 3s
[17:36:40]  15150K .......... .......... .......... .......... .......... 36% 9.47M 3s
[17:36:40]  15200K .......... .......... .......... .......... .......... 36% 15.9M 3s
[17:36:40]  15250K .......... .......... .......... .......... .......... 36% 10.0M 3s
[17:36:40]  15300K .......... .......... .......... .......... .......... 36% 8.38M 3s
[17:36:40]  15350K .......... .......... .......... .......... .......... 36% 18.9M 3s
[17:36:40]  15400K .......... .......... .......... .......... .......... 36% 9.24M 3s
[17:36:40]  15450K .......... .......... .......... .......... .......... 36% 15.9M 3s
[17:36:40]  15500K .......... .......... .......... .......... .......... 37% 9.29M 3s
[17:36:40]  15550K .......... .......... .......... .......... .......... 37% 11.5M 3s
[17:36:40]  15600K .......... .......... .......... .......... .......... 37% 9.01M 3s
[17:36:40]  15650K .......... .......... .......... .......... .......... 37% 14.1M 3s
[17:36:40]  15700K .......... .......... .......... .......... .......... 37% 18.7M 3s
[17:36:40]  15750K .......... .......... .......... .......... .......... 37% 6.85M 3s
[17:36:40]  15800K .......... .......... .......... .......... .......... 37% 14.1M 3s
[17:36:40]  15850K .......... .......... .......... .......... .......... 37% 9.50M 3s
[17:36:40]  15900K .......... .......... .......... .......... .......... 37% 13.1M 3s
[17:36:40]  15950K .......... .......... .......... .......... .......... 38% 10.2M 3s
[17:36:40]  16000K .......... .......... .......... .......... .......... 38% 12.5M 3s
[17:36:40]  16050K .......... .......... .......... .......... .......... 38% 9.05M 3s
[17:36:40]  16100K .......... .......... .......... .......... .......... 38% 15.7M 3s
[17:36:40]  16150K .......... .......... .......... .......... .......... 38% 10.9M 3s
[17:36:40]  16200K .......... .......... .......... .......... .......... 38% 9.05M 3s
[17:36:40]  16250K .......... .......... .......... .......... .......... 38% 13.2M 3s
[17:36:40]  16300K .......... .......... .......... .......... .......... 38% 13.2M 3s
[17:36:40]  16350K .......... .......... .......... .......... .......... 39% 8.94M 3s
[17:36:40]  16400K .......... .......... .......... .......... .......... 39% 12.7M 3s
[17:36:40]  16450K .......... .......... .......... .......... .......... 39% 16.7M 3s
[17:36:40]  16500K .......... .......... .......... .......... .......... 39% 9.27M 3s
[17:36:40]  16550K .......... .......... .......... .......... .......... 39% 6.43M 3s
[17:36:40]  16600K .......... .......... .......... .......... .......... 39% 17.1M 2s
[17:36:40]  16650K .......... .......... .......... .......... .......... 39% 10.6M 2s
[17:36:40]  16700K .......... .......... .......... .......... .......... 39% 10.7M 2s
[17:36:40]  16750K .......... .......... .......... .......... .......... 40% 11.7M 2s
[17:36:40]  16800K .......... .......... .......... .......... .......... 40% 13.1M 2s
[17:36:40]  16850K .......... .......... .......... .......... .......... 40% 14.4M 2s
[17:36:40]  16900K .......... .......... .......... .......... .......... 40% 14.2M 2s
[17:36:40]  16950K .......... .......... .......... .......... .......... 40% 8.28M 2s
[17:36:40]  17000K .......... .......... .......... .......... .......... 40% 12.0M 2s
[17:36:40]  17050K .......... .......... .......... .......... .......... 40% 9.29M 2s
[17:36:40]  17100K .......... .......... .......... .......... .......... 40% 14.9M 2s
[17:36:40]  17150K .......... .......... .......... .......... .......... 40% 14.3M 2s
[17:36:40]  17200K .......... .......... .......... .......... .......... 41% 8.31M 2s
[17:36:40]  17250K .......... .......... .......... .......... .......... 41% 11.0M 2s
[17:36:40]  17300K .......... .......... .......... .......... .......... 41% 13.9M 2s
[17:36:40]  17350K .......... .......... .......... .......... .......... 41% 8.68M 2s
[17:36:40]  17400K .......... .......... .......... .......... .......... 41% 14.3M 2s
[17:36:40]  17450K .......... .......... .......... .......... .......... 41% 10.2M 2s
[17:36:40]  17500K .......... .......... .......... .......... .......... 41% 16.6M 2s
[17:36:40]  17550K .......... .......... .......... .......... .......... 41% 11.4M 2s
[17:36:40]  17600K .......... .......... .......... .......... .......... 42% 8.42M 2s
[17:36:40]  17650K .......... .......... .......... .......... .......... 42% 11.1M 2s
[17:36:40]  17700K .......... .......... .......... .......... .......... 42% 11.5M 2s
[17:36:40]  17750K .......... .......... .......... .......... .......... 42% 9.26M 2s
[17:36:40]  17800K .......... .......... .......... .......... .......... 42% 11.7M 2s
[17:36:40]  17850K .......... .......... .......... .......... .......... 42% 16.0M 2s
[17:36:40]  17900K .......... .......... .......... .......... .......... 42% 8.86M 2s
[17:36:40]  17950K .......... .......... .......... .......... .......... 42% 14.2M 2s
[17:36:40]  18000K .......... .......... .......... .......... .......... 42% 9.89M 2s
[17:36:40]  18050K .......... .......... .......... .......... .......... 43% 16.3M 2s
[17:36:40]  18100K .......... .......... .......... .......... .......... 43% 9.56M 2s
[17:36:40]  18150K .......... .......... .......... .......... .......... 43% 12.0M 2s
[17:36:40]  18200K .......... .......... .......... .......... .......... 43% 9.19M 2s
[17:36:40]  18250K .......... .......... .......... .......... .......... 43% 16.5M 2s
[17:36:40]  18300K .......... .......... .......... .......... .......... 43% 6.43M 2s
[17:36:40]  18350K .......... .......... .......... .......... .......... 43% 10.2M 2s
[17:36:40]  18400K .......... .......... .......... .......... .......... 43% 24.3M 2s
[17:36:40]  18450K .......... .......... .......... .......... .......... 44% 11.3M 2s
[17:36:40]  18500K .......... .......... .......... .......... .......... 44% 13.0M 2s
[17:36:40]  18550K .......... .......... .......... .......... .......... 44% 7.92M 2s
[17:36:40]  18600K .......... .......... .......... .......... .......... 44% 4.29M 2s
[17:36:40]  18650K .......... .......... .......... .......... .......... 44% 8.79M 2s
[17:36:40]  18700K .......... .......... .......... .......... .......... 44% 7.48M 2s
[17:36:40]  18750K .......... .......... .......... .......... .......... 44% 18.4M 2s
[17:36:40]  18800K .......... .......... .......... .......... .......... 44% 7.42M 2s
[17:36:40]  18850K .......... .......... .......... .......... .......... 45% 14.8M 2s
[17:36:40]  18900K .......... .......... .......... .......... .......... 45% 13.1M 2s
[17:36:40]  18950K .......... .......... .......... .......... .......... 45% 10.2M 2s
[17:36:40]  19000K .......... .......... .......... .......... .......... 45% 6.90M 2s
[17:36:40]  19050K .......... .......... .......... .......... .......... 45% 12.1M 2s
[17:36:40]  19100K .......... .......... .......... .......... .......... 45% 11.6M 2s
[17:36:40]  19150K .......... .......... .......... .......... .......... 45% 12.6M 2s
[17:36:40]  19200K .......... .......... .......... .......... .......... 45% 13.5M 2s
[17:36:40]  19250K .......... .......... .......... .......... .......... 45% 11.9M 2s
[17:36:40]  19300K .......... .......... .......... .......... .......... 46% 11.3M 2s
[17:36:40]  19350K .......... .......... .......... .......... .......... 46% 7.86M 2s
[17:36:40]  19400K .......... .......... .......... .......... .......... 46% 13.1M 2s
[17:36:40]  19450K .......... .......... .......... .......... .......... 46% 13.8M 2s
[17:36:40]  19500K .......... .......... .......... .......... .......... 46% 14.3M 2s
[17:36:40]  19550K .......... .......... .......... .......... .......... 46% 15.2M 2s
[17:36:40]  19600K .......... .......... .......... .......... .......... 46% 9.38M 2s
[17:36:40]  19650K .......... .......... .......... .......... .......... 46% 15.0M 2s
[17:36:40]  19700K .......... .......... .......... .......... .......... 47% 10.4M 2s
[17:36:40]  19750K .......... .......... .......... .......... .......... 47% 9.27M 2s
[17:36:40]  19800K .......... .......... .......... .......... .......... 47% 9.13M 2s
[17:36:40]  19850K .......... .......... .......... .......... .......... 47% 11.9M 2s
[17:36:40]  19900K .......... .......... .......... .......... .......... 47% 13.4M 2s
[17:36:40]  19950K .......... .......... .......... .......... .......... 47% 8.83M 2s
[17:36:40]  20000K .......... .......... .......... .......... .......... 47% 14.2M 2s
[17:36:40]  20050K .......... .......... .......... .......... .......... 47% 12.3M 2s
[17:36:40]  20100K .......... .......... .......... .......... .......... 47% 3.39M 2s
[17:36:40]  20150K .......... .......... .......... .......... .......... 48% 10.9M 2s
[17:36:40]  20200K .......... .......... .......... .......... .......... 48% 11.9M 2s
[17:36:40]  20250K .......... .......... .......... .......... .......... 48% 12.8M 2s
[17:36:40]  20300K .......... .......... .......... .......... .......... 48% 12.0M 2s
[17:36:40]  20350K .......... .......... .......... .......... .......... 48% 17.2M 2s
[17:36:40]  20400K .......... .......... .......... .......... .......... 48% 11.1M 2s
[17:36:40]  20450K .......... .......... .......... .......... .......... 48% 11.0M 2s
[17:36:40]  20500K .......... .......... .......... .......... .......... 48% 15.0M 2s
[17:36:40]  20550K .......... .......... .......... .......... .......... 49% 8.66M 2s
[17:36:40]  20600K .......... .......... .......... .......... .......... 49% 16.3M 2s
[17:36:40]  20650K .......... .......... .......... .......... .......... 49% 10.7M 2s
[17:36:40]  20700K .......... .......... .......... .......... .......... 49% 22.6M 2s
[17:36:40]  20750K .......... .......... .......... .......... .......... 49% 12.6M 2s
[17:36:40]  20800K .......... .......... .......... .......... .......... 49% 11.7M 2s
[17:36:40]  20850K .......... .......... .......... .......... .......... 49% 16.0M 2s
[17:36:40]  20900K .......... .......... .......... .......... .......... 49% 11.0M 2s
[17:36:40]  20950K .......... .......... .......... .......... .......... 50% 9.77M 2s
[17:36:40]  21000K .......... .......... .......... .......... .......... 50% 10.8M 2s
[17:36:40]  21050K .......... .......... .......... .......... .......... 50% 11.4M 2s
[17:36:40]  21100K .......... .......... .......... .......... .......... 50% 12.5M 2s
[17:36:40]  21150K .......... .......... .......... .......... .......... 50% 7.39M 2s
[17:36:40]  21200K .......... .......... .......... .......... .......... 50% 18.8M 2s
[17:36:40]  21250K .......... .......... .......... .......... .......... 50% 10.2M 2s
[17:36:40]  21300K .......... .......... .......... .......... .......... 50% 14.0M 2s
[17:36:40]  21350K .......... .......... .......... .......... .......... 50% 8.15M 2s
[17:36:40]  21400K .......... .......... .......... .......... .......... 51% 11.3M 2s
[17:36:40]  21450K .......... .......... .......... .......... .......... 51% 11.6M 2s
[17:36:40]  21500K .......... .......... .......... .......... .......... 51% 15.5M 2s
[17:36:40]  21550K .......... .......... .......... .......... .......... 51% 18.1M 2s
[17:36:40]  21600K .......... .......... .......... .......... .......... 51% 9.31M 2s
[17:36:40]  21650K .......... .......... .......... .......... .......... 51% 15.2M 2s
[17:36:40]  21700K .......... .......... .......... .......... .......... 51% 8.68M 2s
[17:36:40]  21750K .......... .......... .......... .......... .......... 51% 13.5M 2s
[17:36:40]  21800K .......... .......... .......... .......... .......... 52% 9.15M 2s
[17:36:40]  21850K .......... .......... .......... .......... .......... 52% 13.5M 2s
[17:36:40]  21900K .......... .......... .......... .......... .......... 52% 10.2M 2s
[17:36:40]  21950K .......... .......... .......... .......... .......... 52% 14.8M 2s
[17:36:40]  22000K .......... .......... .......... .......... .......... 52%  722K 2s
[17:36:40]  22050K .......... .......... .......... .......... .......... 52% 29.4M 2s
[17:36:40]  22100K .......... .......... .......... .......... .......... 52% 36.3M 2s
[17:36:40]  22150K .......... .......... .......... .......... .......... 52% 29.1M 2s
[17:36:40]  22200K .......... .......... .......... .......... .......... 53% 34.1M 2s
[17:36:40]  22250K .......... .......... .......... .......... .......... 53% 32.3M 2s
[17:36:40]  22300K .......... .......... .......... .......... .......... 53% 34.5M 2s
[17:36:40]  22350K .......... .......... .......... .......... .......... 53% 31.3M 2s
[17:36:40]  22400K .......... .......... .......... .......... .......... 53% 25.9M 2s
[17:36:40]  22450K .......... .......... .......... .......... .......... 53% 32.8M 2s
[17:36:40]  22500K .......... .......... .......... .......... .......... 53% 41.1M 2s
[17:36:40]  22550K .......... .......... .......... .......... .......... 53% 36.8M 2s
[17:36:40]  22600K .......... .......... .......... .......... .......... 53% 34.2M 2s
[17:36:40]  22650K .......... .......... .......... .......... .......... 54% 39.8M 2s
[17:36:40]  22700K .......... .......... .......... .......... .......... 54% 34.8M 2s
[17:36:40]  22750K .......... .......... .......... .......... .......... 54% 31.8M 2s
[17:36:40]  22800K .......... .......... .......... .......... .......... 54% 33.4M 2s
[17:36:40]  22850K .......... .......... .......... .......... .......... 54% 35.4M 2s
[17:36:40]  22900K .......... .......... .......... .......... .......... 54% 36.8M 2s
[17:36:40]  22950K .......... .......... .......... .......... .......... 54% 29.6M 2s
[17:36:40]  23000K .......... .......... .......... .......... .......... 54% 35.4M 2s
[17:36:40]  23050K .......... .......... .......... .......... .......... 55% 12.6M 2s
[17:36:40]  23100K .......... .......... .......... .......... .......... 55% 13.2M 2s
[17:36:40]  23150K .......... .......... .......... .......... .......... 55% 6.98M 2s
[17:36:40]  23200K .......... .......... .......... .......... .......... 55% 5.33M 2s
[17:36:40]  23250K .......... .......... .......... .......... .......... 55% 10.6M 2s
[17:36:40]  23300K .......... .......... .......... .......... .......... 55% 10.3M 2s
[17:36:40]  23350K .......... .......... .......... .......... .......... 55% 14.8M 2s
[17:36:40]  23400K .......... .......... .......... .......... .......... 55% 8.61M 2s
[17:36:40]  23450K .......... .......... .......... .......... .......... 55% 9.53M 2s
[17:36:40]  23500K .......... .......... .......... .......... .......... 56% 11.2M 2s
[17:36:40]  23550K .......... .......... .......... .......... .......... 56% 9.27M 2s
[17:36:40]  23600K .......... .......... .......... .......... .......... 56% 14.2M 2s
[17:36:40]  23650K .......... .......... .......... .......... .......... 56% 10.3M 2s
[17:36:40]  23700K .......... .......... .......... .......... .......... 56% 10.0M 2s
[17:36:40]  23750K .......... .......... .......... .......... .......... 56% 5.55M 2s
[17:36:40]  23800K .......... .......... .......... .......... .......... 56% 10.5M 2s
[17:36:40]  23850K .......... .......... .......... .......... .......... 56% 8.84M 2s
[17:36:40]  23900K .......... .......... .......... .......... .......... 57% 16.6M 2s
[17:36:40]  23950K .......... .......... .......... .......... .......... 57% 13.1M 2s
[17:36:40]  24000K .......... .......... .......... .......... .......... 57% 9.15M 2s
[17:36:40]  24050K .......... .......... .......... .......... .......... 57% 15.5M 2s
[17:36:40]  24100K .......... .......... .......... .......... .......... 57% 8.73M 2s
[17:36:40]  24150K .......... .......... .......... .......... .......... 57% 13.1M 2s
[17:36:41]  24200K .......... .......... .......... .......... .......... 57% 2.96M 2s
[17:36:41]  24250K .......... .......... .......... .......... .......... 57% 8.48M 2s
[17:36:41]  24300K .......... .......... .......... .......... .......... 58% 11.5M 2s
[17:36:41]  24350K .......... .......... .......... .......... .......... 58% 11.8M 2s
[17:36:41]  24400K .......... .......... .......... .......... .......... 58% 7.75M 2s
[17:36:41]  24450K .......... .......... .......... .......... .......... 58% 14.6M 2s
[17:36:41]  24500K .......... .......... .......... .......... .......... 58% 11.9M 2s
[17:36:41]  24550K .......... .......... .......... .......... .......... 58% 21.8M 2s
[17:36:41]  24600K .......... .......... .......... .......... .......... 58% 7.07M 2s
[17:36:41]  24650K .......... .......... .......... .......... .......... 58% 9.89M 2s
[17:36:41]  24700K .......... .......... .......... .......... .......... 58% 12.7M 2s
[17:36:41]  24750K .......... .......... .......... .......... .......... 59% 3.59M 2s
[17:36:41]  24800K .......... .......... .......... .......... .......... 59% 9.00M 2s
[17:36:41]  24850K .......... .......... .......... .......... .......... 59% 5.79M 2s
[17:36:41]  24900K .......... .......... .......... .......... .......... 59% 9.59M 2s
[17:36:41]  24950K .......... .......... .......... .......... .......... 59% 9.08M 2s
[17:36:41]  25000K .......... .......... .......... .......... .......... 59% 10.7M 2s
[17:36:41]  25050K .......... .......... .......... .......... .......... 59% 10.8M 2s
[17:36:41]  25100K .......... .......... .......... .......... .......... 59% 12.8M 2s
[17:36:41]  25150K .......... .......... .......... .......... .......... 60% 7.89M 2s
[17:36:41]  25200K .......... .......... .......... .......... .......... 60% 11.8M 2s
[17:36:41]  25250K .......... .......... .......... .......... .......... 60% 9.24M 2s
[17:36:41]  25300K .......... .......... .......... .......... .......... 60% 12.6M 2s
[17:36:41]  25350K .......... .......... .......... .......... .......... 60% 14.8M 2s
[17:36:41]  25400K .......... .......... .......... .......... .......... 60% 7.09M 2s
[17:36:41]  25450K .......... .......... .......... .......... .......... 60% 16.1M 2s
[17:36:41]  25500K .......... .......... .......... .......... .......... 60% 8.24M 2s
[17:36:41]  25550K .......... .......... .......... .......... .......... 60% 12.2M 2s
[17:36:41]  25600K .......... .......... .......... .......... .......... 61% 10.2M 2s
[17:36:41]  25650K .......... .......... .......... .......... .......... 61% 10.7M 2s
[17:36:41]  25700K .......... .......... .......... .......... .......... 61% 9.20M 2s
[17:36:41]  25750K .......... .......... .......... .......... .......... 61% 8.13M 2s
[17:36:41]  25800K .......... .......... .......... .......... .......... 61% 11.1M 2s
[17:36:41]  25850K .......... .......... .......... .......... .......... 61% 15.1M 2s
[17:36:41]  25900K .......... .......... .......... .......... .......... 61% 10.4M 2s
[17:36:41]  25950K .......... .......... .......... .......... .......... 61% 10.9M 2s
[17:36:41]  26000K .......... .......... .......... .......... .......... 62% 10.7M 2s
[17:36:41]  26050K .......... .......... .......... .......... .......... 62% 8.94M 2s
[17:36:41]  26100K .......... .......... .......... .......... .......... 62% 14.8M 2s
[17:36:41]  26150K .......... .......... .......... .......... .......... 62% 9.25M 2s
[17:36:41]  26200K .......... .......... .......... .......... .......... 62% 5.72M 2s
[17:36:41]  26250K .......... .......... .......... .......... .......... 62% 11.7M 2s
[17:36:41]  26300K .......... .......... .......... .......... .......... 62% 7.92M 2s
[17:36:41]  26350K .......... .......... .......... .......... .......... 62% 7.57M 2s
[17:36:41]  26400K .......... .......... .......... .......... .......... 63% 7.88M 2s
[17:36:41]  26450K .......... .......... .......... .......... .......... 63% 8.38M 2s
[17:36:41]  26500K .......... .......... .......... .......... .......... 63% 2.70M 2s
[17:36:41]  26550K .......... .......... .......... .......... .......... 63% 9.39M 2s
[17:36:41]  26600K .......... .......... .......... .......... .......... 63% 13.2M 2s
[17:36:41]  26650K .......... .......... .......... .......... .......... 63% 13.4M 1s
[17:36:41]  26700K .......... .......... .......... .......... .......... 63% 9.52M 1s
[17:36:41]  26750K .......... .......... .......... .......... .......... 63% 6.20M 1s
[17:36:41]  26800K .......... .......... .......... .......... .......... 63%  702K 2s
[17:36:41]  26850K .......... .......... .......... .......... .......... 64% 10.1M 2s
[17:36:41]  26900K .......... .......... .......... .......... .......... 64% 23.0M 2s
[17:36:41]  26950K .......... .......... .......... .......... .......... 64% 20.2M 2s
[17:36:41]  27000K .......... .......... .......... .......... .......... 64% 22.8M 1s
[17:36:41]  27050K .......... .......... .......... .......... .......... 64% 23.7M 1s
[17:36:41]  27100K .......... .......... .......... .......... .......... 64% 22.5M 1s
[17:36:41]  27150K .......... .......... .......... .......... .......... 64% 21.0M 1s
[17:36:41]  27200K .......... .......... .......... .......... .......... 64% 1.58M 1s
[17:36:41]  27250K .......... .......... .......... .......... .......... 65% 70.7M 1s
[17:36:41]  27300K .......... .......... .......... .......... .......... 65% 72.4M 1s
[17:36:41]  27350K .......... .......... .......... .......... .......... 65% 63.8M 1s
[17:36:41]  27400K .......... .......... .......... .......... .......... 65% 62.2M 1s
[17:36:41]  27450K .......... .......... .......... .......... .......... 65% 65.0M 1s
[17:36:41]  27500K .......... .......... .......... .......... .......... 65% 69.8M 1s
[17:36:41]  27550K .......... .......... .......... .......... .......... 65% 13.1M 1s
[17:36:41]  27600K .......... .......... .......... .......... .......... 65% 10.3M 1s
[17:36:41]  27650K .......... .......... .......... .......... .......... 65% 7.01M 1s
[17:36:41]  27700K .......... .......... .......... .......... .......... 66% 11.8M 1s
[17:36:41]  27750K .......... .......... .......... .......... .......... 66% 3.93M 1s
[17:36:41]  27800K .......... .......... .......... .......... .......... 66% 6.27M 1s
[17:36:41]  27850K .......... .......... .......... .......... .......... 66% 10.9M 1s
[17:36:41]  27900K .......... .......... .......... .......... .......... 66% 7.74M 1s
[17:36:41]  27950K .......... .......... .......... .......... .......... 66% 7.65M 1s
[17:36:41]  28000K .......... .......... .......... .......... .......... 66% 6.43M 1s
[17:36:41]  28050K .......... .......... .......... .......... .......... 66% 10.8M 1s
[17:36:41]  28100K .......... .......... .......... .......... .......... 67% 8.71M 1s
[17:36:41]  28150K .......... .......... .......... .......... .......... 67% 7.22M 1s
[17:36:41]  28200K .......... .......... .......... .......... .......... 67% 7.08M 1s
[17:36:41]  28250K .......... .......... .......... .......... .......... 67% 9.26M 1s
[17:36:41]  28300K .......... .......... .......... .......... .......... 67% 7.88M 1s
[17:36:41]  28350K .......... .......... .......... .......... .......... 67% 5.41M 1s
[17:36:41]  28400K .......... .......... .......... .......... .......... 67% 10.8M 1s
[17:36:41]  28450K .......... .......... .......... .......... .......... 67% 9.10M 1s
[17:36:41]  28500K .......... .......... .......... .......... .......... 68% 8.86M 1s
[17:36:41]  28550K .......... .......... .......... .......... .......... 68% 6.14M 1s
[17:36:41]  28600K .......... .......... .......... .......... .......... 68% 8.97M 1s
[17:36:41]  28650K .......... .......... .......... .......... .......... 68% 8.55M 1s
[17:36:41]  28700K .......... .......... .......... .......... .......... 68% 7.57M 1s
[17:36:41]  28750K .......... .......... .......... .......... .......... 68% 7.02M 1s
[17:36:41]  28800K .......... .......... .......... .......... .......... 68% 9.46M 1s
[17:36:41]  28850K .......... .......... .......... .......... .......... 68% 6.61M 1s
[17:36:41]  28900K .......... .......... .......... .......... .......... 68% 8.44M 1s
[17:36:41]  28950K .......... .......... .......... .......... .......... 69% 7.22M 1s
[17:36:41]  29000K .......... .......... .......... .......... .......... 69% 7.43M 1s
[17:36:41]  29050K .......... .......... .......... .......... .......... 69% 8.85M 1s
[17:36:41]  29100K .......... .......... .......... .......... .......... 69% 8.24M 1s
[17:36:41]  29150K .......... .......... .......... .......... .......... 69% 9.18M 1s
[17:36:41]  29200K .......... .......... .......... .......... .......... 69% 5.65M 1s
[17:36:41]  29250K .......... .......... .......... .......... .......... 69% 11.5M 1s
[17:36:41]  29300K .......... .......... .......... .......... .......... 69% 6.20M 1s
[17:36:41]  29350K .......... .......... .......... .......... .......... 70% 5.19M 1s
[17:36:41]  29400K .......... .......... .......... .......... .......... 70% 16.3M 1s
[17:36:41]  29450K .......... .......... .......... .......... .......... 70% 10.3M 1s
[17:36:41]  29500K .......... .......... .......... .......... .......... 70% 9.74M 1s
[17:36:41]  29550K .......... .......... .......... .......... .......... 70% 6.31M 1s
[17:36:41]  29600K .......... .......... .......... .......... .......... 70% 7.67M 1s
[17:36:41]  29650K .......... .......... .......... .......... .......... 70% 6.46M 1s
[17:36:41]  29700K .......... .......... .......... .......... .......... 70% 8.70M 1s
[17:36:41]  29750K .......... .......... .......... .......... .......... 70% 6.47M 1s
[17:36:41]  29800K .......... .......... .......... .......... .......... 71% 8.99M 1s
[17:36:41]  29850K .......... .......... .......... .......... .......... 71% 10.8M 1s
[17:36:41]  29900K .......... .......... .......... .......... .......... 71% 7.48M 1s
[17:36:41]  29950K .......... .......... .......... .......... .......... 71% 11.0M 1s
[17:36:41]  30000K .......... .......... .......... .......... .......... 71% 6.75M 1s
[17:36:41]  30050K .......... .......... .......... .......... .......... 71% 9.32M 1s
[17:36:41]  30100K .......... .......... .......... .......... .......... 71% 6.11M 1s
[17:36:41]  30150K .......... .......... .......... .......... .......... 71% 5.04M 1s
[17:36:41]  30200K .......... .......... .......... .......... .......... 72% 8.12M 1s
[17:36:41]  30250K .......... .......... .......... .......... .......... 72% 8.01M 1s
[17:36:41]  30300K .......... .......... .......... .......... .......... 72% 16.2M 1s
[17:36:41]  30350K .......... .......... .......... .......... .......... 72% 10.6M 1s
[17:36:41]  30400K .......... .......... .......... .......... .......... 72% 7.32M 1s
[17:36:41]  30450K .......... .......... .......... .......... .......... 72% 10.3M 1s
[17:36:41]  30500K .......... .......... .......... .......... .......... 72% 6.95M 1s
[17:36:41]  30550K .......... .......... .......... .......... .......... 72% 4.47M 1s
[17:36:41]  30600K .......... .......... .......... .......... .......... 73% 9.50M 1s
[17:36:41]  30650K .......... .......... .......... .......... .......... 73% 10.1M 1s
[17:36:41]  30700K .......... .......... .......... .......... .......... 73% 9.06M 1s
[17:36:41]  30750K .......... .......... .......... .......... .......... 73% 6.40M 1s
[17:36:41]  30800K .......... .......... .......... .......... .......... 73% 12.0M 1s
[17:36:41]  30850K .......... .......... .......... .......... .......... 73% 12.7M 1s
[17:36:41]  30900K .......... .......... .......... .......... .......... 73% 7.21M 1s
[17:36:41]  30950K .......... .......... .......... .......... .......... 73% 4.79M 1s
[17:36:41]  31000K .......... .......... .......... .......... .......... 73% 7.60M 1s
[17:36:41]  31050K .......... .......... .......... .......... .......... 74% 11.6M 1s
[17:36:41]  31100K .......... .......... .......... .......... .......... 74% 12.1M 1s
[17:36:41]  31150K .......... .......... .......... .......... .......... 74% 5.91M 1s
[17:36:41]  31200K .......... .......... .......... .......... .......... 74% 8.28M 1s
[17:36:41]  31250K .......... .......... .......... .......... .......... 74% 8.22M 1s
[17:36:41]  31300K .......... .......... .......... .......... .......... 74% 11.8M 1s
[17:36:41]  31350K .......... .......... .......... .......... .......... 74% 5.01M 1s
[17:36:41]  31400K .......... .......... .......... .......... .......... 74% 6.79M 1s
[17:36:41]  31450K .......... .......... .......... .......... .......... 75% 8.21M 1s
[17:36:41]  31500K .......... .......... .......... .......... .......... 75% 5.27M 1s
[17:36:41]  31550K .......... .......... .......... .......... .......... 75% 9.25M 1s
[17:36:41]  31600K .......... .......... .......... .......... .......... 75% 9.42M 1s
[17:36:41]  31650K .......... .......... .......... .......... .......... 75% 14.7M 1s
[17:36:41]  31700K .......... .......... .......... .......... .......... 75% 9.57M 1s
[17:36:41]  31750K .......... .......... .......... .......... .......... 75% 8.47M 1s
[17:36:41]  31800K .......... .......... .......... .......... .......... 75% 4.09M 1s
[17:36:41]  31850K .......... .......... .......... .......... .......... 75% 3.65M 1s
[17:36:41]  31900K .......... .......... .......... .......... .......... 76% 3.57M 1s
[17:36:41]  31950K .......... .......... .......... .......... .......... 76% 4.71M 1s
[17:36:42]  32000K .......... .......... .......... .......... .......... 76%  941K 1s
[17:36:42]  32050K .......... .......... .......... .......... .......... 76% 21.9M 1s
[17:36:42]  32100K .......... .......... .......... .......... .......... 76% 28.1M 1s
[17:36:42]  32150K .......... .......... .......... .......... .......... 76% 20.4M 1s
[17:36:42]  32200K .......... .......... .......... .......... .......... 76% 23.1M 1s
[17:36:42]  32250K .......... .......... .......... .......... .......... 76% 23.1M 1s
[17:36:42]  32300K .......... .......... .......... .......... .......... 77% 23.9M 1s
[17:36:42]  32350K .......... .......... .......... .......... .......... 77% 27.6M 1s
[17:36:42]  32400K .......... .......... .......... .......... .......... 77% 30.4M 1s
[17:36:42]  32450K .......... .......... .......... .......... .......... 77% 31.0M 1s
[17:36:42]  32500K .......... .......... .......... .......... .......... 77% 11.7M 1s
[17:36:42]  32550K .......... .......... .......... .......... .......... 77% 8.73M 1s
[17:36:42]  32600K .......... .......... .......... .......... .......... 77% 2.86M 1s
[17:36:42]  32650K .......... .......... .......... .......... .......... 77% 8.48M 1s
[17:36:42]  32700K .......... .......... .......... .......... .......... 78% 7.78M 1s
[17:36:42]  32750K .......... .......... .......... .......... .......... 78% 4.79M 1s
[17:36:42]  32800K .......... .......... .......... .......... .......... 78% 12.1M 1s
[17:36:42]  32850K .......... .......... .......... .......... .......... 78% 4.06M 1s
[17:36:42]  32900K .......... .......... .......... .......... .......... 78% 6.61M 1s
[17:36:42]  32950K .......... .......... .......... .......... .......... 78% 5.44M 1s
[17:36:42]  33000K .......... .......... .......... .......... .......... 78% 3.89M 1s
[17:36:42]  33050K .......... .......... .......... .......... .......... 78% 12.0M 1s
[17:36:42]  33100K .......... .......... .......... .......... .......... 78% 13.9M 1s
[17:36:42]  33150K .......... .......... .......... .......... .......... 79% 3.63M 1s
[17:36:42]  33200K .......... .......... .......... .......... .......... 79% 6.57M 1s
[17:36:42]  33250K .......... .......... .......... .......... .......... 79% 8.66M 1s
[17:36:42]  33300K .......... .......... .......... .......... .......... 79% 3.66M 1s
[17:36:42]  33350K .......... .......... .......... .......... .......... 79% 8.50M 1s
[17:36:42]  33400K .......... .......... .......... .......... .......... 79% 5.65M 1s
[17:36:42]  33450K .......... .......... .......... .......... .......... 79% 5.22M 1s
[17:36:42]  33500K .......... .......... .......... .......... .......... 79% 7.34M 1s
[17:36:42]  33550K .......... .......... .......... .......... .......... 80% 5.27M 1s
[17:36:42]  33600K .......... .......... .......... .......... .......... 80% 4.72M 1s
[17:36:42]  33650K .......... .......... .......... .......... .......... 80% 9.74M 1s
[17:36:42]  33700K .......... .......... .......... .......... .......... 80% 6.48M 1s
[17:36:42]  33750K .......... .......... .......... .......... .......... 80% 4.53M 1s
[17:36:42]  33800K .......... .......... .......... .......... .......... 80% 9.35M 1s
[17:36:42]  33850K .......... .......... .......... .......... .......... 80% 3.20M 1s
[17:36:42]  33900K .......... .......... .......... .......... .......... 80% 9.90M 1s
[17:36:42]  33950K .......... .......... .......... .......... .......... 80% 8.90M 1s
[17:36:42]  34000K .......... .......... .......... .......... .......... 81% 4.85M 1s
[17:36:42]  34050K .......... .......... .......... .......... .......... 81% 10.4M 1s
[17:36:42]  34100K .......... .......... .......... .......... .......... 81% 7.94M 1s
[17:36:42]  34150K .......... .......... .......... .......... .......... 81% 2.88M 1s
[17:36:42]  34200K .......... .......... .......... .......... .......... 81% 8.50M 1s
[17:36:42]  34250K .......... .......... .......... .......... .......... 81% 9.78M 1s
[17:36:42]  34300K .......... .......... .......... .......... .......... 81% 3.98M 1s
[17:36:42]  34350K .......... .......... .......... .......... .......... 81% 10.0M 1s
[17:36:42]  34400K .......... .......... .......... .......... .......... 82% 8.76M 1s
[17:36:42]  34450K .......... .......... .......... .......... .......... 82% 4.07M 1s
[17:36:42]  34500K .......... .......... .......... .......... .......... 82% 9.25M 1s
[17:36:42]  34550K .......... .......... .......... .......... .......... 82% 7.26M 1s
[17:36:42]  34600K .......... .......... .......... .......... .......... 82% 3.52M 1s
[17:36:42]  34650K .......... .......... .......... .......... .......... 82% 9.50M 1s
[17:36:42]  34700K .......... .......... .......... .......... .......... 82% 6.21M 1s
[17:36:42]  34750K .......... .......... .......... .......... .......... 82% 4.82M 1s
[17:36:42]  34800K .......... .......... .......... .......... .......... 83% 7.23M 1s
[17:36:42]  34850K .......... .......... .......... .......... .......... 83% 5.85M 1s
[17:36:42]  34900K .......... .......... .......... .......... .......... 83% 3.42M 1s
[17:36:42]  34950K .......... .......... .......... .......... .......... 83% 4.21M 1s
[17:36:42]  35000K .......... .......... .......... .......... .......... 83% 5.58M 1s
[17:36:42]  35050K .......... .......... .......... .......... .......... 83% 6.01M 1s
[17:36:42]  35100K .......... .......... .......... .......... .......... 83% 10.4M 1s
[17:36:42]  35150K .......... .......... .......... .......... .......... 83% 8.92M 1s
[17:36:42]  35200K .......... .......... .......... .......... .......... 83% 5.73M 1s
[17:36:42]  35250K .......... .......... .......... .......... .......... 84% 5.21M 1s
[17:36:42]  35300K .......... .......... .......... .......... .......... 84% 4.59M 1s
[17:36:42]  35350K .......... .......... .......... .......... .......... 84% 5.41M 1s
[17:36:42]  35400K .......... .......... .......... .......... .......... 84% 6.39M 1s
[17:36:42]  35450K .......... .......... .......... .......... .......... 84% 7.48M 1s
[17:36:42]  35500K .......... .......... .......... .......... .......... 84% 7.28M 1s
[17:36:42]  35550K .......... .......... .......... .......... .......... 84% 6.92M 1s
[17:36:42]  35600K .......... .......... .......... .......... .......... 84% 4.97M 1s
[17:36:42]  35650K .......... .......... .......... .......... .......... 85% 6.23M 1s
[17:36:42]  35700K .......... .......... .......... .......... .......... 85% 5.16M 1s
[17:36:42]  35750K .......... .......... .......... .......... .......... 85% 5.89M 1s
[17:36:42]  35800K .......... .......... .......... .......... .......... 85% 10.7M 1s
[17:36:42]  35850K .......... .......... .......... .......... .......... 85% 5.68M 1s
[17:36:42]  35900K .......... .......... .......... .......... .......... 85% 6.12M 1s
[17:36:42]  35950K .......... .......... .......... .......... .......... 85% 5.07M 1s
[17:36:42]  36000K .......... .......... .......... .......... .......... 85% 6.83M 1s
[17:36:42]  36050K .......... .......... .......... .......... .......... 85% 5.90M 1s
[17:36:42]  36100K .......... .......... .......... .......... .......... 86% 6.53M 1s
[17:36:42]  36150K .......... .......... .......... .......... .......... 86% 5.27M 1s
[17:36:42]  36200K .......... .......... .......... .......... .......... 86% 6.16M 1s
[17:36:42]  36250K .......... .......... .......... .......... .......... 86%  929K 1s
[17:36:42]  36300K .......... .......... .......... .......... .......... 86% 27.2M 1s
[17:36:42]  36350K .......... .......... .......... .......... .......... 86% 23.8M 1s
[17:36:42]  36400K .......... .......... .......... .......... .......... 86% 25.2M 1s
[17:36:42]  36450K .......... .......... .......... .......... .......... 86% 34.2M 1s
[17:36:42]  36500K .......... .......... .......... .......... .......... 87% 33.2M 1s
[17:36:42]  36550K .......... .......... .......... .......... .......... 87% 26.7M 1s
[17:36:42]  36600K .......... .......... .......... .......... .......... 87% 8.10M 1s
[17:36:42]  36650K .......... .......... .......... .......... .......... 87% 5.61M 1s
[17:36:42]  36700K .......... .......... .......... .......... .......... 87% 4.01M 1s
[17:36:42]  36750K .......... .......... .......... .......... .......... 87% 5.00M 1s
[17:36:42]  36800K .......... .......... .......... .......... .......... 87% 4.99M 1s
[17:36:42]  36850K .......... .......... .......... .......... .......... 87% 4.04M 1s
[17:36:42]  36900K .......... .......... .......... .......... .......... 88% 4.69M 1s
[17:36:42]  36950K .......... .......... .......... .......... .......... 88% 4.17M 1s
[17:36:42]  37000K .......... .......... .......... .......... .......... 88% 4.94M 1s
[17:36:42]  37050K .......... .......... .......... .......... .......... 88% 4.18M 1s
[17:36:42]  37100K .......... .......... .......... .......... .......... 88% 4.26M 1s
[17:36:42]  37150K .......... .......... .......... .......... .......... 88% 5.03M 1s
[17:36:42]  37200K .......... .......... .......... .......... .......... 88% 5.28M 1s
[17:36:42]  37250K .......... .......... .......... .......... .......... 88% 4.20M 1s
[17:36:42]  37300K .......... .......... .......... .......... .......... 88% 4.43M 1s
[17:36:42]  37350K .......... .......... .......... .......... .......... 89% 3.55M 1s
[17:36:42]  37400K .......... .......... .......... .......... .......... 89% 4.92M 1s
[17:36:42]  37450K .......... .......... .......... .......... .......... 89% 5.41M 1s
[17:36:42]  37500K .......... .......... .......... .......... .......... 89% 3.76M 1s
[17:36:42]  37550K .......... .......... .......... .......... .......... 89% 3.81M 1s
[17:36:42]  37600K .......... .......... .......... .......... .......... 89% 4.05M 0s
[17:36:42]  37650K .......... .......... .......... .......... .......... 89% 9.73M 0s
[17:36:42]  37700K .......... .......... .......... .......... .......... 89% 5.92M 0s
[17:36:42]  37750K .......... .......... .......... .......... .......... 90% 2.78M 0s
[17:36:43]  37800K .......... .......... .......... .......... .......... 90% 5.26M 0s
[17:36:43]  37850K .......... .......... .......... .......... .......... 90% 4.28M 0s
[17:36:43]  37900K .......... .......... .......... .......... .......... 90% 5.39M 0s
[17:36:43]  37950K .......... .......... .......... .......... .......... 90% 5.94M 0s
[17:36:43]  38000K .......... .......... .......... .......... .......... 90% 4.08M 0s
[17:36:43]  38050K .......... .......... .......... .......... .......... 90% 4.16M 0s
[17:36:43]  38100K .......... .......... .......... .......... .......... 90% 5.03M 0s
[17:36:43]  38150K .......... .......... .......... .......... .......... 90% 7.71M 0s
[17:36:43]  38200K .......... .......... .......... .......... .......... 91% 3.15M 0s
[17:36:43]  38250K .......... .......... .......... .......... .......... 91% 4.29M 0s
[17:36:43]  38300K .......... .......... .......... .......... .......... 91% 4.42M 0s
[17:36:43]  38350K .......... .......... .......... .......... .......... 91% 5.62M 0s
[17:36:43]  38400K .......... .......... .......... .......... .......... 91% 6.11M 0s
[17:36:43]  38450K .......... .......... .......... .......... .......... 91% 4.93M 0s
[17:36:43]  38500K .......... .......... .......... .......... .......... 91% 4.03M 0s
[17:36:43]  38550K .......... .......... .......... .......... .......... 91% 3.69M 0s
[17:36:43]  38600K .......... .......... .......... .......... .......... 92% 5.31M 0s
[17:36:43]  38650K .......... .......... .......... .......... .......... 92% 5.97M 0s
[17:36:43]  38700K .......... .......... .......... .......... .......... 92% 4.46M 0s
[17:36:43]  38750K .......... .......... .......... .......... .......... 92% 4.10M 0s
[17:36:43]  38800K .......... .......... .......... .......... .......... 92% 6.28M 0s
[17:36:43]  38850K .......... .......... .......... .......... .......... 92% 4.07M 0s
[17:36:43]  38900K .......... .......... .......... .......... .......... 92% 6.71M 0s
[17:36:43]  38950K .......... .......... .......... .......... .......... 92% 4.37M 0s
[17:36:43]  39000K .......... .......... .......... .......... .......... 93% 3.99M 0s
[17:36:43]  39050K .......... .......... .......... .......... .......... 93% 5.92M 0s
[17:36:43]  39100K .......... .......... .......... .......... .......... 93% 4.46M 0s
[17:36:43]  39150K .......... .......... .......... .......... .......... 93% 4.41M 0s
[17:36:43]  39200K .......... .......... .......... .......... .......... 93% 4.74M 0s
[17:36:43]  39250K .......... .......... .......... .......... .......... 93% 5.48M 0s
[17:36:43]  39300K .......... .......... .......... .......... .......... 93% 3.62M 0s
[17:36:43]  39350K .......... .......... .......... .......... .......... 93% 6.48M 0s
[17:36:43]  39400K .......... .......... .......... .......... .......... 93% 4.21M 0s
[17:36:43]  39450K .......... .......... .......... .......... .......... 94% 5.17M 0s
[17:36:43]  39500K .......... .......... .......... .......... .......... 94% 5.14M 0s
[17:36:43]  39550K .......... .......... .......... .......... .......... 94% 4.10M 0s
[17:36:43]  39600K .......... .......... .......... .......... .......... 94% 6.62M 0s
[17:36:43]  39650K .......... .......... .......... .......... .......... 94% 4.59M 0s
[17:36:43]  39700K .......... .......... .......... .......... .......... 94% 5.97M 0s
[17:36:43]  39750K .......... .......... .......... .......... .......... 94% 2.70M 0s
[17:36:43]  39800K .......... .......... .......... .......... .......... 94% 6.74M 0s
[17:36:43]  39850K .......... .......... .......... .......... .......... 95% 6.29M 0s
[17:36:43]  39900K .......... .......... .......... .......... .......... 95% 5.02M 0s
[17:36:43]  39950K .......... .......... .......... .......... .......... 95% 3.46M 0s
[17:36:43]  40000K .......... .......... .......... .......... .......... 95% 5.45M 0s
[17:36:43]  40050K .......... .......... .......... .......... .......... 95% 5.66M 0s
[17:36:43]  40100K .......... .......... .......... .......... .......... 95% 6.19M 0s
[17:36:43]  40150K .......... .......... .......... .......... .......... 95% 4.73M 0s
[17:36:43]  40200K .......... .......... .......... .......... .......... 95% 3.37M 0s
[17:36:43]  40250K .......... .......... .......... .......... .......... 95% 5.83M 0s
[17:36:43]  40300K .......... .......... .......... .......... .......... 96% 6.48M 0s
[17:36:43]  40350K .......... .......... .......... .......... .......... 96% 4.58M 0s
[17:36:43]  40400K .......... .......... .......... .......... .......... 96% 4.87M 0s
[17:36:43]  40450K .......... .......... .......... .......... .......... 96% 4.25M 0s
[17:36:43]  40500K .......... .......... .......... .......... .......... 96% 5.79M 0s
[17:36:43]  40550K .......... .......... .......... .......... .......... 96% 3.69M 0s
[17:36:43]  40600K .......... .......... .......... .......... .......... 96% 6.08M 0s
[17:36:43]  40650K .......... .......... .......... .......... .......... 96% 4.56M 0s
[17:36:43]  40700K .......... .......... .......... .......... .......... 97% 5.57M 0s
[17:36:43]  40750K .......... .......... .......... .......... .......... 97% 6.12M 0s
[17:36:43]  40800K .......... .......... .......... .......... .......... 97% 3.97M 0s
[17:36:43]  40850K .......... .......... .......... .......... .......... 97% 5.97M 0s
[17:36:43]  40900K .......... .......... .......... .......... .......... 97% 4.88M 0s
[17:36:43]  40950K .......... .......... .......... .......... .......... 97% 6.00M 0s
[17:36:43]  41000K .......... .......... .......... .......... .......... 97% 3.55M 0s
[17:36:43]  41050K .......... .......... .......... .......... .......... 97% 6.23M 0s
[17:36:43]  41100K .......... .......... .......... .......... .......... 98% 3.24M 0s
[17:36:43]  41150K .......... .......... .......... .......... .......... 98% 8.86M 0s
[17:36:43]  41200K .......... .......... .......... .......... .......... 98% 5.74M 0s
[17:36:43]  41250K .......... .......... .......... .......... .......... 98% 4.82M 0s
[17:36:43]  41300K .......... .......... .......... .......... .......... 98% 4.96M 0s
[17:36:43]  41350K .......... .......... .......... .......... .......... 98% 3.61M 0s
[17:36:43]  41400K .......... .......... .......... .......... .......... 98% 6.88M 0s
[17:36:43]  41450K .......... .......... .......... .......... .......... 98% 4.98M 0s
[17:36:43]  41500K .......... .......... .......... .......... .......... 98% 4.89M 0s
[17:36:43]  41550K .......... .......... .......... .......... .......... 99% 5.86M 0s
[17:36:43]  41600K .......... .......... .......... .......... .......... 99% 3.85M 0s
[17:36:43]  41650K .......... .......... .......... .......... .......... 99% 6.22M 0s
[17:36:43]  41700K .......... .......... .......... .......... .......... 99% 7.07M 0s
[17:36:43]  41750K .......... .......... .......... .......... .......... 99% 3.02M 0s
[17:36:43]  41800K .......... .......... .......... .......... .......... 99% 4.65M 0s
[17:36:43]  41850K .......... .......... .......... .......... .......... 99% 9.42M 0s
[17:36:43]  41900K .......... .......... .......... .......... .......... 99% 4.94M 0s
[17:36:43]  41950K .......... .......... ..........                      100% 9.49M=5.2s
[17:36:43] 
[17:36:43] 2019-07-23 17:36:43 (7.92 MB/s) - ‘/home/jordan/.julia/dev/KaHyPar/deps/usr/downloads/KaHyPar.v0.1.0.x86_64-linux-gnu-gcc7.tar.gz’ saved [42988370/42988370]
[17:36:43] 
